#
# There is insufficient memory for the Java Runtime Environment to continue.
# Native memory allocation (malloc) failed to allocate 1805776 bytes for Chunk::new
# Possible reasons:
#   The system is out of physical RAM or swap space
#   The process is running with CompressedOops enabled, and the Java Heap may be blocking the growth of the native heap
# Possible solutions:
#   Reduce memory load on the system
#   Increase physical memory or swap space
#   Check if swap backing store is full
#   Decrease Java heap size (-Xmx/-Xms)
#   Decrease number of Java threads
#   Decrease Java thread stack sizes (-Xss)
#   Set larger code cache with -XX:ReservedCodeCacheSize=
#   JVM is running with Zero Based Compressed Oops mode in which the Java heap is
#     placed in the first 32GB address space. The Java Heap base address is the
#     maximum limit for the native heap growth. Please use -XX:HeapBaseMinAddress
#     to set the Java Heap base and to place the Java Heap above 32GB virtual address.
# This output file may be truncated or incomplete.
#
#  Out of Memory Error (./open/src/hotspot/share/memory/arena.cpp:197), pid=28724, tid=3900
#
# JRE version: Java(TM) SE Runtime Environment 18.9 (11.0.20+9) (build 11.0.20+9-LTS-256)
# Java VM: Java HotSpot(TM) 64-Bit Server VM 18.9 (11.0.20+9-LTS-256, mixed mode, tiered, compressed oops, g1 gc, windows-amd64)
# No core dump will be written. Minidumps are not enabled by default on client versions of Windows
#

---------------  S U M M A R Y ------------

Command Line: -Dfile.encoding=UTF-8 -Dstdout.encoding=UTF-8 -Dstderr.encoding=UTF-8 --module-path=C:\sist0103\util\ojdbc11.jar day0130.SwingJdbcScore

Host: Intel(R) Core(TM) i7-6700 CPU @ 3.40GHz, 8 cores, 15G,  Windows 10 , 64 bit Build 19041 (10.0.19041.3636)
Time: Tue Jan 30 14:59:46 2024  Windows 10 , 64 bit Build 19041 (10.0.19041.3636) elapsed time: 1.197489 seconds (0d 0h 0m 1s)

---------------  T H R E A D  ---------------

Current thread (0x000001873b77b800):  JavaThread "C2 CompilerThread0" daemon [_thread_in_native, id=3900, stack(0x0000004d2e000000,0x0000004d2e100000)]


Current CompileTask:
C2:   1197 1842 % !   4       com.sun.crypto.provider.PBKDF2KeyImpl::deriveKey @ 191 (295 bytes)

Stack: [0x0000004d2e000000,0x0000004d2e100000]
Native frames: (J=compiled Java code, j=interpreted, Vv=VM code, C=native code)
V  [jvm.dll+0x6602ba]
V  [jvm.dll+0x7a32af]
V  [jvm.dll+0x7a4979]
V  [jvm.dll+0x7a5013]
V  [jvm.dll+0x258ef5]
V  [jvm.dll+0xb2a0c]
V  [jvm.dll+0xb2fcc]
V  [jvm.dll+0x367691]
V  [jvm.dll+0x1a2b74]
V  [jvm.dll+0x211d4d]
V  [jvm.dll+0x210bc8]
V  [jvm.dll+0x18cdb1]
V  [jvm.dll+0x220e59]
V  [jvm.dll+0x21f17c]
V  [jvm.dll+0x767061]
V  [jvm.dll+0x75f8e4]
V  [jvm.dll+0x65f165]
C  [ucrtbase.dll+0x21bb2]
C  [KERNEL32.DLL+0x17344]
C  [ntdll.dll+0x526b1]


---------------  P R O C E S S  ---------------

Threads class SMR info:
_java_thread_list=0x000001873d80ed20, length=20, elements={
0x0000018718163000, 0x000001873ae4e000, 0x000001873ae58800, 0x000001873b76d800,
0x000001873b76e800, 0x000001873b76f800, 0x000001873b77b800, 0x000001873ae68000,
0x000001873ae69800, 0x000001873b8e9800, 0x000001873b9b1000, 0x000001873b9fd000,
0x000001873bbec000, 0x000001873bbb5800, 0x000001873bd17800, 0x000001873bfe8000,
0x000001873d07c000, 0x000001873d276000, 0x000001873d8ce800, 0x000001873d392800
}

Java Threads: ( => current thread )
  0x0000018718163000 JavaThread "main" [_thread_in_Java, id=29512, stack(0x0000004d2d400000,0x0000004d2d500000)]
  0x000001873ae4e000 JavaThread "Reference Handler" daemon [_thread_blocked, id=27208, stack(0x0000004d2db00000,0x0000004d2dc00000)]
  0x000001873ae58800 JavaThread "Finalizer" daemon [_thread_blocked, id=2124, stack(0x0000004d2dc00000,0x0000004d2dd00000)]
  0x000001873b76d800 JavaThread "Signal Dispatcher" daemon [_thread_blocked, id=7920, stack(0x0000004d2dd00000,0x0000004d2de00000)]
  0x000001873b76e800 JavaThread "Attach Listener" daemon [_thread_blocked, id=29640, stack(0x0000004d2de00000,0x0000004d2df00000)]
  0x000001873b76f800 JavaThread "Service Thread" daemon [_thread_blocked, id=3476, stack(0x0000004d2df00000,0x0000004d2e000000)]
=>0x000001873b77b800 JavaThread "C2 CompilerThread0" daemon [_thread_in_native, id=3900, stack(0x0000004d2e000000,0x0000004d2e100000)]
  0x000001873ae68000 JavaThread "C1 CompilerThread0" daemon [_thread_blocked, id=29100, stack(0x0000004d2e100000,0x0000004d2e200000)]
  0x000001873ae69800 JavaThread "Sweeper thread" daemon [_thread_blocked, id=29620, stack(0x0000004d2e200000,0x0000004d2e300000)]
  0x000001873b8e9800 JavaThread "Common-Cleaner" daemon [_thread_blocked, id=28952, stack(0x0000004d2e300000,0x0000004d2e400000)]
  0x000001873b9b1000 JavaThread "C2 CompilerThread1" daemon [_thread_blocked, id=29092, stack(0x0000004d2e400000,0x0000004d2e500000)]
  0x000001873b9fd000 JavaThread "C2 CompilerThread2" daemon [_thread_blocked, id=29192, stack(0x0000004d2e500000,0x0000004d2e600000)]
  0x000001873bbec000 JavaThread "Java2D Disposer" daemon [_thread_blocked, id=26856, stack(0x0000004d2e700000,0x0000004d2e800000)]
  0x000001873bbb5800 JavaThread "AWT-Shutdown" [_thread_blocked, id=29008, stack(0x0000004d2e800000,0x0000004d2e900000)]
  0x000001873bd17800 JavaThread "AWT-Windows" daemon [_thread_in_native, id=29648, stack(0x0000004d2e900000,0x0000004d2ea00000)]
  0x000001873bfe8000 JavaThread "AWT-EventQueue-0" [_thread_blocked, id=29624, stack(0x0000004d2ea00000,0x0000004d2eb00000)]
  0x000001873d07c000 JavaThread "oracle.jdbc.diagnostics.Diagnostic.CLOCK" daemon [_thread_blocked, id=26664, stack(0x0000004d2f100000,0x0000004d2f200000)]
  0x000001873d276000 JavaThread "oracle.jdbc.driver.BlockSource.ThreadedCachingBlockSource.BlockReleaser" daemon [_thread_blocked, id=29004, stack(0x0000004d2f200000,0x0000004d2f300000)]
  0x000001873d8ce800 JavaThread "InterruptTimer" daemon [_thread_blocked, id=24348, stack(0x0000004d2f400000,0x0000004d2f500000)]
  0x000001873d392800 JavaThread "OJDBC-WORKER-THREAD-1" daemon [_thread_blocked, id=28684, stack(0x0000004d2f500000,0x0000004d2f600000)]

Other Threads:
  0x000001873ae4c000 VMThread "VM Thread" [stack: 0x0000004d2da00000,0x0000004d2db00000] [id=28732]
  0x000001873bd26800 WatcherThread [stack: 0x0000004d2e600000,0x0000004d2e700000] [id=28552]
  0x0000018718177000 GCTaskThread "GC Thread#0" [stack: 0x0000004d2d500000,0x0000004d2d600000] [id=28444]
  0x000001873bd87800 GCTaskThread "GC Thread#1" [stack: 0x0000004d2eb00000,0x0000004d2ec00000] [id=29636]
  0x000001873d34a800 GCTaskThread "GC Thread#2" [stack: 0x0000004d2ec00000,0x0000004d2ed00000] [id=29644]
  0x000001873d34b800 GCTaskThread "GC Thread#3" [stack: 0x0000004d2ed00000,0x0000004d2ee00000] [id=24788]
  0x000001873ceef000 GCTaskThread "GC Thread#4" [stack: 0x0000004d2ee00000,0x0000004d2ef00000] [id=28528]
  0x000001873cef2000 GCTaskThread "GC Thread#5" [stack: 0x0000004d2ef00000,0x0000004d2f000000] [id=20176]
  0x00000187181d6000 ConcurrentGCThread "G1 Main Marker" [stack: 0x0000004d2d600000,0x0000004d2d700000] [id=536]
  0x00000187181d7800 ConcurrentGCThread "G1 Conc#0" [stack: 0x0000004d2d700000,0x0000004d2d800000] [id=28004]
  0x000001873b9af800 ConcurrentGCThread "G1 Conc#1" [stack: 0x0000004d2f000000,0x0000004d2f100000] [id=29048]
  0x000001873ad34800 ConcurrentGCThread "G1 Refine#0" [stack: 0x0000004d2d800000,0x0000004d2d900000] [id=2156]
  0x000001873ad37000 ConcurrentGCThread "G1 Young RemSet Sampling" [stack: 0x0000004d2d900000,0x0000004d2da00000] [id=29500]

Threads with active compile tasks:
C2 CompilerThread0     1222 1842 % !   4       com.sun.crypto.provider.PBKDF2KeyImpl::deriveKey @ 191 (295 bytes)

VM state:not at safepoint (normal execution)

VM Mutex/Monitor currently owned by a thread: None

Heap address: 0x0000000701600000, size: 4074 MB, Compressed Oops mode: Zero based, Oop shift amount: 3
Narrow klass base: 0x0000000800000000, Narrow klass shift: 0
Compressed class space size: 1073741824 Address: 0x0000000800000000

Heap:
 garbage-first heap   total 262144K, used 28256K [0x0000000701600000, 0x0000000800000000)
  region size 1024K, 28 young (28672K), 3 survivors (3072K)
 Metaspace       used 29868K, capacity 30596K, committed 30720K, reserved 1077248K
  class space    used 3460K, capacity 3777K, committed 3840K, reserved 1048576K
Heap Regions: E=young(eden), S=young(survivor), O=old, HS=humongous(starts), HC=humongous(continues), CS=collection set, F=free, A=archive, TAMS=top-at-mark-start (previous, next)
|   0|0x0000000701600000, 0x0000000701698200, 0x0000000701700000| 59%| O|  |TAMS 0x0000000701698200, 0x0000000701600000| Untracked 
|   1|0x0000000701700000, 0x0000000701700000, 0x0000000701800000|  0%| F|  |TAMS 0x0000000701700000, 0x0000000701700000| Untracked 
|   2|0x0000000701800000, 0x0000000701800000, 0x0000000701900000|  0%| F|  |TAMS 0x0000000701800000, 0x0000000701800000| Untracked 
|   3|0x0000000701900000, 0x0000000701900000, 0x0000000701a00000|  0%| F|  |TAMS 0x0000000701900000, 0x0000000701900000| Untracked 
|   4|0x0000000701a00000, 0x0000000701a00000, 0x0000000701b00000|  0%| F|  |TAMS 0x0000000701a00000, 0x0000000701a00000| Untracked 
|   5|0x0000000701b00000, 0x0000000701b00000, 0x0000000701c00000|  0%| F|  |TAMS 0x0000000701b00000, 0x0000000701b00000| Untracked 
|   6|0x0000000701c00000, 0x0000000701c00000, 0x0000000701d00000|  0%| F|  |TAMS 0x0000000701c00000, 0x0000000701c00000| Untracked 
|   7|0x0000000701d00000, 0x0000000701d00000, 0x0000000701e00000|  0%| F|  |TAMS 0x0000000701d00000, 0x0000000701d00000| Untracked 
|   8|0x0000000701e00000, 0x0000000701e00000, 0x0000000701f00000|  0%| F|  |TAMS 0x0000000701e00000, 0x0000000701e00000| Untracked 
|   9|0x0000000701f00000, 0x0000000701f00000, 0x0000000702000000|  0%| F|  |TAMS 0x0000000701f00000, 0x0000000701f00000| Untracked 
|  10|0x0000000702000000, 0x0000000702000000, 0x0000000702100000|  0%| F|  |TAMS 0x0000000702000000, 0x0000000702000000| Untracked 
|  11|0x0000000702100000, 0x0000000702100000, 0x0000000702200000|  0%| F|  |TAMS 0x0000000702100000, 0x0000000702100000| Untracked 
|  12|0x0000000702200000, 0x0000000702200000, 0x0000000702300000|  0%| F|  |TAMS 0x0000000702200000, 0x0000000702200000| Untracked 
|  13|0x0000000702300000, 0x0000000702300000, 0x0000000702400000|  0%| F|  |TAMS 0x0000000702300000, 0x0000000702300000| Untracked 
|  14|0x0000000702400000, 0x0000000702400000, 0x0000000702500000|  0%| F|  |TAMS 0x0000000702400000, 0x0000000702400000| Untracked 
|  15|0x0000000702500000, 0x0000000702500000, 0x0000000702600000|  0%| F|  |TAMS 0x0000000702500000, 0x0000000702500000| Untracked 
|  16|0x0000000702600000, 0x0000000702600000, 0x0000000702700000|  0%| F|  |TAMS 0x0000000702600000, 0x0000000702600000| Untracked 
|  17|0x0000000702700000, 0x0000000702700000, 0x0000000702800000|  0%| F|  |TAMS 0x0000000702700000, 0x0000000702700000| Untracked 
|  18|0x0000000702800000, 0x0000000702800000, 0x0000000702900000|  0%| F|  |TAMS 0x0000000702800000, 0x0000000702800000| Untracked 
|  19|0x0000000702900000, 0x0000000702900000, 0x0000000702a00000|  0%| F|  |TAMS 0x0000000702900000, 0x0000000702900000| Untracked 
|  20|0x0000000702a00000, 0x0000000702a00000, 0x0000000702b00000|  0%| F|  |TAMS 0x0000000702a00000, 0x0000000702a00000| Untracked 
|  21|0x0000000702b00000, 0x0000000702b00000, 0x0000000702c00000|  0%| F|  |TAMS 0x0000000702b00000, 0x0000000702b00000| Untracked 
|  22|0x0000000702c00000, 0x0000000702c00000, 0x0000000702d00000|  0%| F|  |TAMS 0x0000000702c00000, 0x0000000702c00000| Untracked 
|  23|0x0000000702d00000, 0x0000000702d00000, 0x0000000702e00000|  0%| F|  |TAMS 0x0000000702d00000, 0x0000000702d00000| Untracked 
|  24|0x0000000702e00000, 0x0000000702e00000, 0x0000000702f00000|  0%| F|  |TAMS 0x0000000702e00000, 0x0000000702e00000| Untracked 
|  25|0x0000000702f00000, 0x0000000702f00000, 0x0000000703000000|  0%| F|  |TAMS 0x0000000702f00000, 0x0000000702f00000| Untracked 
|  26|0x0000000703000000, 0x0000000703000000, 0x0000000703100000|  0%| F|  |TAMS 0x0000000703000000, 0x0000000703000000| Untracked 
|  27|0x0000000703100000, 0x0000000703100000, 0x0000000703200000|  0%| F|  |TAMS 0x0000000703100000, 0x0000000703100000| Untracked 
|  28|0x0000000703200000, 0x0000000703200000, 0x0000000703300000|  0%| F|  |TAMS 0x0000000703200000, 0x0000000703200000| Untracked 
|  29|0x0000000703300000, 0x0000000703300000, 0x0000000703400000|  0%| F|  |TAMS 0x0000000703300000, 0x0000000703300000| Untracked 
|  30|0x0000000703400000, 0x0000000703400000, 0x0000000703500000|  0%| F|  |TAMS 0x0000000703400000, 0x0000000703400000| Untracked 
|  31|0x0000000703500000, 0x0000000703500000, 0x0000000703600000|  0%| F|  |TAMS 0x0000000703500000, 0x0000000703500000| Untracked 
|  32|0x0000000703600000, 0x0000000703600000, 0x0000000703700000|  0%| F|  |TAMS 0x0000000703600000, 0x0000000703600000| Untracked 
|  33|0x0000000703700000, 0x0000000703700000, 0x0000000703800000|  0%| F|  |TAMS 0x0000000703700000, 0x0000000703700000| Untracked 
|  34|0x0000000703800000, 0x0000000703800000, 0x0000000703900000|  0%| F|  |TAMS 0x0000000703800000, 0x0000000703800000| Untracked 
|  35|0x0000000703900000, 0x0000000703900000, 0x0000000703a00000|  0%| F|  |TAMS 0x0000000703900000, 0x0000000703900000| Untracked 
|  36|0x0000000703a00000, 0x0000000703a00000, 0x0000000703b00000|  0%| F|  |TAMS 0x0000000703a00000, 0x0000000703a00000| Untracked 
|  37|0x0000000703b00000, 0x0000000703b00000, 0x0000000703c00000|  0%| F|  |TAMS 0x0000000703b00000, 0x0000000703b00000| Untracked 
|  38|0x0000000703c00000, 0x0000000703c00000, 0x0000000703d00000|  0%| F|  |TAMS 0x0000000703c00000, 0x0000000703c00000| Untracked 
|  39|0x0000000703d00000, 0x0000000703d00000, 0x0000000703e00000|  0%| F|  |TAMS 0x0000000703d00000, 0x0000000703d00000| Untracked 
|  40|0x0000000703e00000, 0x0000000703e00000, 0x0000000703f00000|  0%| F|  |TAMS 0x0000000703e00000, 0x0000000703e00000| Untracked 
|  41|0x0000000703f00000, 0x0000000703f00000, 0x0000000704000000|  0%| F|  |TAMS 0x0000000703f00000, 0x0000000703f00000| Untracked 
|  42|0x0000000704000000, 0x0000000704000000, 0x0000000704100000|  0%| F|  |TAMS 0x0000000704000000, 0x0000000704000000| Untracked 
|  43|0x0000000704100000, 0x0000000704100000, 0x0000000704200000|  0%| F|  |TAMS 0x0000000704100000, 0x0000000704100000| Untracked 
|  44|0x0000000704200000, 0x0000000704200000, 0x0000000704300000|  0%| F|  |TAMS 0x0000000704200000, 0x0000000704200000| Untracked 
|  45|0x0000000704300000, 0x0000000704300000, 0x0000000704400000|  0%| F|  |TAMS 0x0000000704300000, 0x0000000704300000| Untracked 
|  46|0x0000000704400000, 0x0000000704400000, 0x0000000704500000|  0%| F|  |TAMS 0x0000000704400000, 0x0000000704400000| Untracked 
|  47|0x0000000704500000, 0x0000000704500000, 0x0000000704600000|  0%| F|  |TAMS 0x0000000704500000, 0x0000000704500000| Untracked 
|  48|0x0000000704600000, 0x0000000704600000, 0x0000000704700000|  0%| F|  |TAMS 0x0000000704600000, 0x0000000704600000| Untracked 
|  49|0x0000000704700000, 0x0000000704700000, 0x0000000704800000|  0%| F|  |TAMS 0x0000000704700000, 0x0000000704700000| Untracked 
|  50|0x0000000704800000, 0x0000000704800000, 0x0000000704900000|  0%| F|  |TAMS 0x0000000704800000, 0x0000000704800000| Untracked 
|  51|0x0000000704900000, 0x0000000704900000, 0x0000000704a00000|  0%| F|  |TAMS 0x0000000704900000, 0x0000000704900000| Untracked 
|  52|0x0000000704a00000, 0x0000000704a00000, 0x0000000704b00000|  0%| F|  |TAMS 0x0000000704a00000, 0x0000000704a00000| Untracked 
|  53|0x0000000704b00000, 0x0000000704b00000, 0x0000000704c00000|  0%| F|  |TAMS 0x0000000704b00000, 0x0000000704b00000| Untracked 
|  54|0x0000000704c00000, 0x0000000704c00000, 0x0000000704d00000|  0%| F|  |TAMS 0x0000000704c00000, 0x0000000704c00000| Untracked 
|  55|0x0000000704d00000, 0x0000000704d00000, 0x0000000704e00000|  0%| F|  |TAMS 0x0000000704d00000, 0x0000000704d00000| Untracked 
|  56|0x0000000704e00000, 0x0000000704e00000, 0x0000000704f00000|  0%| F|  |TAMS 0x0000000704e00000, 0x0000000704e00000| Untracked 
|  57|0x0000000704f00000, 0x0000000704f00000, 0x0000000705000000|  0%| F|  |TAMS 0x0000000704f00000, 0x0000000704f00000| Untracked 
|  58|0x0000000705000000, 0x0000000705000000, 0x0000000705100000|  0%| F|  |TAMS 0x0000000705000000, 0x0000000705000000| Untracked 
|  59|0x0000000705100000, 0x0000000705100000, 0x0000000705200000|  0%| F|  |TAMS 0x0000000705100000, 0x0000000705100000| Untracked 
|  60|0x0000000705200000, 0x0000000705200000, 0x0000000705300000|  0%| F|  |TAMS 0x0000000705200000, 0x0000000705200000| Untracked 
|  61|0x0000000705300000, 0x0000000705300000, 0x0000000705400000|  0%| F|  |TAMS 0x0000000705300000, 0x0000000705300000| Untracked 
|  62|0x0000000705400000, 0x0000000705400000, 0x0000000705500000|  0%| F|  |TAMS 0x0000000705400000, 0x0000000705400000| Untracked 
|  63|0x0000000705500000, 0x0000000705500000, 0x0000000705600000|  0%| F|  |TAMS 0x0000000705500000, 0x0000000705500000| Untracked 
|  64|0x0000000705600000, 0x0000000705600000, 0x0000000705700000|  0%| F|  |TAMS 0x0000000705600000, 0x0000000705600000| Untracked 
|  65|0x0000000705700000, 0x0000000705700000, 0x0000000705800000|  0%| F|  |TAMS 0x0000000705700000, 0x0000000705700000| Untracked 
|  66|0x0000000705800000, 0x0000000705800000, 0x0000000705900000|  0%| F|  |TAMS 0x0000000705800000, 0x0000000705800000| Untracked 
|  67|0x0000000705900000, 0x0000000705900000, 0x0000000705a00000|  0%| F|  |TAMS 0x0000000705900000, 0x0000000705900000| Untracked 
|  68|0x0000000705a00000, 0x0000000705a00000, 0x0000000705b00000|  0%| F|  |TAMS 0x0000000705a00000, 0x0000000705a00000| Untracked 
|  69|0x0000000705b00000, 0x0000000705b00000, 0x0000000705c00000|  0%| F|  |TAMS 0x0000000705b00000, 0x0000000705b00000| Untracked 
|  70|0x0000000705c00000, 0x0000000705c00000, 0x0000000705d00000|  0%| F|  |TAMS 0x0000000705c00000, 0x0000000705c00000| Untracked 
|  71|0x0000000705d00000, 0x0000000705d00000, 0x0000000705e00000|  0%| F|  |TAMS 0x0000000705d00000, 0x0000000705d00000| Untracked 
|  72|0x0000000705e00000, 0x0000000705e00000, 0x0000000705f00000|  0%| F|  |TAMS 0x0000000705e00000, 0x0000000705e00000| Untracked 
|  73|0x0000000705f00000, 0x0000000705f00000, 0x0000000706000000|  0%| F|  |TAMS 0x0000000705f00000, 0x0000000705f00000| Untracked 
|  74|0x0000000706000000, 0x0000000706000000, 0x0000000706100000|  0%| F|  |TAMS 0x0000000706000000, 0x0000000706000000| Untracked 
|  75|0x0000000706100000, 0x0000000706100000, 0x0000000706200000|  0%| F|  |TAMS 0x0000000706100000, 0x0000000706100000| Untracked 
|  76|0x0000000706200000, 0x0000000706200000, 0x0000000706300000|  0%| F|  |TAMS 0x0000000706200000, 0x0000000706200000| Untracked 
|  77|0x0000000706300000, 0x0000000706300000, 0x0000000706400000|  0%| F|  |TAMS 0x0000000706300000, 0x0000000706300000| Untracked 
|  78|0x0000000706400000, 0x0000000706400000, 0x0000000706500000|  0%| F|  |TAMS 0x0000000706400000, 0x0000000706400000| Untracked 
|  79|0x0000000706500000, 0x0000000706500000, 0x0000000706600000|  0%| F|  |TAMS 0x0000000706500000, 0x0000000706500000| Untracked 
|  80|0x0000000706600000, 0x0000000706600000, 0x0000000706700000|  0%| F|  |TAMS 0x0000000706600000, 0x0000000706600000| Untracked 
|  81|0x0000000706700000, 0x0000000706700000, 0x0000000706800000|  0%| F|  |TAMS 0x0000000706700000, 0x0000000706700000| Untracked 
|  82|0x0000000706800000, 0x0000000706800000, 0x0000000706900000|  0%| F|  |TAMS 0x0000000706800000, 0x0000000706800000| Untracked 
|  83|0x0000000706900000, 0x0000000706900000, 0x0000000706a00000|  0%| F|  |TAMS 0x0000000706900000, 0x0000000706900000| Untracked 
|  84|0x0000000706a00000, 0x0000000706a00000, 0x0000000706b00000|  0%| F|  |TAMS 0x0000000706a00000, 0x0000000706a00000| Untracked 
|  85|0x0000000706b00000, 0x0000000706b00000, 0x0000000706c00000|  0%| F|  |TAMS 0x0000000706b00000, 0x0000000706b00000| Untracked 
|  86|0x0000000706c00000, 0x0000000706c00000, 0x0000000706d00000|  0%| F|  |TAMS 0x0000000706c00000, 0x0000000706c00000| Untracked 
|  87|0x0000000706d00000, 0x0000000706d00000, 0x0000000706e00000|  0%| F|  |TAMS 0x0000000706d00000, 0x0000000706d00000| Untracked 
|  88|0x0000000706e00000, 0x0000000706e00000, 0x0000000706f00000|  0%| F|  |TAMS 0x0000000706e00000, 0x0000000706e00000| Untracked 
|  89|0x0000000706f00000, 0x0000000706f00000, 0x0000000707000000|  0%| F|  |TAMS 0x0000000706f00000, 0x0000000706f00000| Untracked 
|  90|0x0000000707000000, 0x0000000707000000, 0x0000000707100000|  0%| F|  |TAMS 0x0000000707000000, 0x0000000707000000| Untracked 
|  91|0x0000000707100000, 0x0000000707100000, 0x0000000707200000|  0%| F|  |TAMS 0x0000000707100000, 0x0000000707100000| Untracked 
|  92|0x0000000707200000, 0x0000000707200000, 0x0000000707300000|  0%| F|  |TAMS 0x0000000707200000, 0x0000000707200000| Untracked 
|  93|0x0000000707300000, 0x0000000707300000, 0x0000000707400000|  0%| F|  |TAMS 0x0000000707300000, 0x0000000707300000| Untracked 
|  94|0x0000000707400000, 0x0000000707400000, 0x0000000707500000|  0%| F|  |TAMS 0x0000000707400000, 0x0000000707400000| Untracked 
|  95|0x0000000707500000, 0x0000000707500000, 0x0000000707600000|  0%| F|  |TAMS 0x0000000707500000, 0x0000000707500000| Untracked 
|  96|0x0000000707600000, 0x0000000707600000, 0x0000000707700000|  0%| F|  |TAMS 0x0000000707600000, 0x0000000707600000| Untracked 
|  97|0x0000000707700000, 0x0000000707700000, 0x0000000707800000|  0%| F|  |TAMS 0x0000000707700000, 0x0000000707700000| Untracked 
|  98|0x0000000707800000, 0x0000000707800000, 0x0000000707900000|  0%| F|  |TAMS 0x0000000707800000, 0x0000000707800000| Untracked 
|  99|0x0000000707900000, 0x0000000707900000, 0x0000000707a00000|  0%| F|  |TAMS 0x0000000707900000, 0x0000000707900000| Untracked 
| 100|0x0000000707a00000, 0x0000000707a00000, 0x0000000707b00000|  0%| F|  |TAMS 0x0000000707a00000, 0x0000000707a00000| Untracked 
| 101|0x0000000707b00000, 0x0000000707b00000, 0x0000000707c00000|  0%| F|  |TAMS 0x0000000707b00000, 0x0000000707b00000| Untracked 
| 102|0x0000000707c00000, 0x0000000707c00000, 0x0000000707d00000|  0%| F|  |TAMS 0x0000000707c00000, 0x0000000707c00000| Untracked 
| 103|0x0000000707d00000, 0x0000000707d00000, 0x0000000707e00000|  0%| F|  |TAMS 0x0000000707d00000, 0x0000000707d00000| Untracked 
| 104|0x0000000707e00000, 0x0000000707e00000, 0x0000000707f00000|  0%| F|  |TAMS 0x0000000707e00000, 0x0000000707e00000| Untracked 
| 105|0x0000000707f00000, 0x0000000707f00000, 0x0000000708000000|  0%| F|  |TAMS 0x0000000707f00000, 0x0000000707f00000| Untracked 
| 106|0x0000000708000000, 0x0000000708000000, 0x0000000708100000|  0%| F|  |TAMS 0x0000000708000000, 0x0000000708000000| Untracked 
| 107|0x0000000708100000, 0x0000000708100000, 0x0000000708200000|  0%| F|  |TAMS 0x0000000708100000, 0x0000000708100000| Untracked 
| 108|0x0000000708200000, 0x0000000708200000, 0x0000000708300000|  0%| F|  |TAMS 0x0000000708200000, 0x0000000708200000| Untracked 
| 109|0x0000000708300000, 0x0000000708300000, 0x0000000708400000|  0%| F|  |TAMS 0x0000000708300000, 0x0000000708300000| Untracked 
| 110|0x0000000708400000, 0x0000000708400000, 0x0000000708500000|  0%| F|  |TAMS 0x0000000708400000, 0x0000000708400000| Untracked 
| 111|0x0000000708500000, 0x0000000708500000, 0x0000000708600000|  0%| F|  |TAMS 0x0000000708500000, 0x0000000708500000| Untracked 
| 112|0x0000000708600000, 0x0000000708600000, 0x0000000708700000|  0%| F|  |TAMS 0x0000000708600000, 0x0000000708600000| Untracked 
| 113|0x0000000708700000, 0x0000000708700000, 0x0000000708800000|  0%| F|  |TAMS 0x0000000708700000, 0x0000000708700000| Untracked 
| 114|0x0000000708800000, 0x0000000708800000, 0x0000000708900000|  0%| F|  |TAMS 0x0000000708800000, 0x0000000708800000| Untracked 
| 115|0x0000000708900000, 0x0000000708900000, 0x0000000708a00000|  0%| F|  |TAMS 0x0000000708900000, 0x0000000708900000| Untracked 
| 116|0x0000000708a00000, 0x0000000708a00000, 0x0000000708b00000|  0%| F|  |TAMS 0x0000000708a00000, 0x0000000708a00000| Untracked 
| 117|0x0000000708b00000, 0x0000000708b00000, 0x0000000708c00000|  0%| F|  |TAMS 0x0000000708b00000, 0x0000000708b00000| Untracked 
| 118|0x0000000708c00000, 0x0000000708c00000, 0x0000000708d00000|  0%| F|  |TAMS 0x0000000708c00000, 0x0000000708c00000| Untracked 
| 119|0x0000000708d00000, 0x0000000708d00000, 0x0000000708e00000|  0%| F|  |TAMS 0x0000000708d00000, 0x0000000708d00000| Untracked 
| 120|0x0000000708e00000, 0x0000000708e00000, 0x0000000708f00000|  0%| F|  |TAMS 0x0000000708e00000, 0x0000000708e00000| Untracked 
| 121|0x0000000708f00000, 0x0000000708f00000, 0x0000000709000000|  0%| F|  |TAMS 0x0000000708f00000, 0x0000000708f00000| Untracked 
| 122|0x0000000709000000, 0x0000000709000000, 0x0000000709100000|  0%| F|  |TAMS 0x0000000709000000, 0x0000000709000000| Untracked 
| 123|0x0000000709100000, 0x0000000709100000, 0x0000000709200000|  0%| F|  |TAMS 0x0000000709100000, 0x0000000709100000| Untracked 
| 124|0x0000000709200000, 0x0000000709200000, 0x0000000709300000|  0%| F|  |TAMS 0x0000000709200000, 0x0000000709200000| Untracked 
| 125|0x0000000709300000, 0x0000000709300000, 0x0000000709400000|  0%| F|  |TAMS 0x0000000709300000, 0x0000000709300000| Untracked 
| 126|0x0000000709400000, 0x0000000709400000, 0x0000000709500000|  0%| F|  |TAMS 0x0000000709400000, 0x0000000709400000| Untracked 
| 127|0x0000000709500000, 0x0000000709500000, 0x0000000709600000|  0%| F|  |TAMS 0x0000000709500000, 0x0000000709500000| Untracked 
| 128|0x0000000709600000, 0x0000000709600000, 0x0000000709700000|  0%| F|  |TAMS 0x0000000709600000, 0x0000000709600000| Untracked 
| 129|0x0000000709700000, 0x0000000709700000, 0x0000000709800000|  0%| F|  |TAMS 0x0000000709700000, 0x0000000709700000| Untracked 
| 130|0x0000000709800000, 0x0000000709800000, 0x0000000709900000|  0%| F|  |TAMS 0x0000000709800000, 0x0000000709800000| Untracked 
| 131|0x0000000709900000, 0x0000000709900000, 0x0000000709a00000|  0%| F|  |TAMS 0x0000000709900000, 0x0000000709900000| Untracked 
| 132|0x0000000709a00000, 0x0000000709a00000, 0x0000000709b00000|  0%| F|  |TAMS 0x0000000709a00000, 0x0000000709a00000| Untracked 
| 133|0x0000000709b00000, 0x0000000709b00000, 0x0000000709c00000|  0%| F|  |TAMS 0x0000000709b00000, 0x0000000709b00000| Untracked 
| 134|0x0000000709c00000, 0x0000000709c00000, 0x0000000709d00000|  0%| F|  |TAMS 0x0000000709c00000, 0x0000000709c00000| Untracked 
| 135|0x0000000709d00000, 0x0000000709d00000, 0x0000000709e00000|  0%| F|  |TAMS 0x0000000709d00000, 0x0000000709d00000| Untracked 
| 136|0x0000000709e00000, 0x0000000709e00000, 0x0000000709f00000|  0%| F|  |TAMS 0x0000000709e00000, 0x0000000709e00000| Untracked 
| 137|0x0000000709f00000, 0x0000000709f00000, 0x000000070a000000|  0%| F|  |TAMS 0x0000000709f00000, 0x0000000709f00000| Untracked 
| 138|0x000000070a000000, 0x000000070a000000, 0x000000070a100000|  0%| F|  |TAMS 0x000000070a000000, 0x000000070a000000| Untracked 
| 139|0x000000070a100000, 0x000000070a100000, 0x000000070a200000|  0%| F|  |TAMS 0x000000070a100000, 0x000000070a100000| Untracked 
| 140|0x000000070a200000, 0x000000070a200000, 0x000000070a300000|  0%| F|  |TAMS 0x000000070a200000, 0x000000070a200000| Untracked 
| 141|0x000000070a300000, 0x000000070a300000, 0x000000070a400000|  0%| F|  |TAMS 0x000000070a300000, 0x000000070a300000| Untracked 
| 142|0x000000070a400000, 0x000000070a400000, 0x000000070a500000|  0%| F|  |TAMS 0x000000070a400000, 0x000000070a400000| Untracked 
| 143|0x000000070a500000, 0x000000070a500000, 0x000000070a600000|  0%| F|  |TAMS 0x000000070a500000, 0x000000070a500000| Untracked 
| 144|0x000000070a600000, 0x000000070a600000, 0x000000070a700000|  0%| F|  |TAMS 0x000000070a600000, 0x000000070a600000| Untracked 
| 145|0x000000070a700000, 0x000000070a700000, 0x000000070a800000|  0%| F|  |TAMS 0x000000070a700000, 0x000000070a700000| Untracked 
| 146|0x000000070a800000, 0x000000070a800000, 0x000000070a900000|  0%| F|  |TAMS 0x000000070a800000, 0x000000070a800000| Untracked 
| 147|0x000000070a900000, 0x000000070a900000, 0x000000070aa00000|  0%| F|  |TAMS 0x000000070a900000, 0x000000070a900000| Untracked 
| 148|0x000000070aa00000, 0x000000070aa00000, 0x000000070ab00000|  0%| F|  |TAMS 0x000000070aa00000, 0x000000070aa00000| Untracked 
| 149|0x000000070ab00000, 0x000000070ab00000, 0x000000070ac00000|  0%| F|  |TAMS 0x000000070ab00000, 0x000000070ab00000| Untracked 
| 150|0x000000070ac00000, 0x000000070ac00000, 0x000000070ad00000|  0%| F|  |TAMS 0x000000070ac00000, 0x000000070ac00000| Untracked 
| 151|0x000000070ad00000, 0x000000070ad00000, 0x000000070ae00000|  0%| F|  |TAMS 0x000000070ad00000, 0x000000070ad00000| Untracked 
| 152|0x000000070ae00000, 0x000000070ae00000, 0x000000070af00000|  0%| F|  |TAMS 0x000000070ae00000, 0x000000070ae00000| Untracked 
| 153|0x000000070af00000, 0x000000070af00000, 0x000000070b000000|  0%| F|  |TAMS 0x000000070af00000, 0x000000070af00000| Untracked 
| 154|0x000000070b000000, 0x000000070b000000, 0x000000070b100000|  0%| F|  |TAMS 0x000000070b000000, 0x000000070b000000| Untracked 
| 155|0x000000070b100000, 0x000000070b100000, 0x000000070b200000|  0%| F|  |TAMS 0x000000070b100000, 0x000000070b100000| Untracked 
| 156|0x000000070b200000, 0x000000070b200000, 0x000000070b300000|  0%| F|  |TAMS 0x000000070b200000, 0x000000070b200000| Untracked 
| 157|0x000000070b300000, 0x000000070b300000, 0x000000070b400000|  0%| F|  |TAMS 0x000000070b300000, 0x000000070b300000| Untracked 
| 158|0x000000070b400000, 0x000000070b400000, 0x000000070b500000|  0%| F|  |TAMS 0x000000070b400000, 0x000000070b400000| Untracked 
| 159|0x000000070b500000, 0x000000070b500000, 0x000000070b600000|  0%| F|  |TAMS 0x000000070b500000, 0x000000070b500000| Untracked 
| 160|0x000000070b600000, 0x000000070b600000, 0x000000070b700000|  0%| F|  |TAMS 0x000000070b600000, 0x000000070b600000| Untracked 
| 161|0x000000070b700000, 0x000000070b700000, 0x000000070b800000|  0%| F|  |TAMS 0x000000070b700000, 0x000000070b700000| Untracked 
| 162|0x000000070b800000, 0x000000070b800000, 0x000000070b900000|  0%| F|  |TAMS 0x000000070b800000, 0x000000070b800000| Untracked 
| 163|0x000000070b900000, 0x000000070b900000, 0x000000070ba00000|  0%| F|  |TAMS 0x000000070b900000, 0x000000070b900000| Untracked 
| 164|0x000000070ba00000, 0x000000070ba00000, 0x000000070bb00000|  0%| F|  |TAMS 0x000000070ba00000, 0x000000070ba00000| Untracked 
| 165|0x000000070bb00000, 0x000000070bb00000, 0x000000070bc00000|  0%| F|  |TAMS 0x000000070bb00000, 0x000000070bb00000| Untracked 
| 166|0x000000070bc00000, 0x000000070bc00000, 0x000000070bd00000|  0%| F|  |TAMS 0x000000070bc00000, 0x000000070bc00000| Untracked 
| 167|0x000000070bd00000, 0x000000070bd00000, 0x000000070be00000|  0%| F|  |TAMS 0x000000070bd00000, 0x000000070bd00000| Untracked 
| 168|0x000000070be00000, 0x000000070be00000, 0x000000070bf00000|  0%| F|  |TAMS 0x000000070be00000, 0x000000070be00000| Untracked 
| 169|0x000000070bf00000, 0x000000070bf00000, 0x000000070c000000|  0%| F|  |TAMS 0x000000070bf00000, 0x000000070bf00000| Untracked 
| 170|0x000000070c000000, 0x000000070c000000, 0x000000070c100000|  0%| F|  |TAMS 0x000000070c000000, 0x000000070c000000| Untracked 
| 171|0x000000070c100000, 0x000000070c100000, 0x000000070c200000|  0%| F|  |TAMS 0x000000070c100000, 0x000000070c100000| Untracked 
| 172|0x000000070c200000, 0x000000070c200000, 0x000000070c300000|  0%| F|  |TAMS 0x000000070c200000, 0x000000070c200000| Untracked 
| 173|0x000000070c300000, 0x000000070c300000, 0x000000070c400000|  0%| F|  |TAMS 0x000000070c300000, 0x000000070c300000| Untracked 
| 174|0x000000070c400000, 0x000000070c400000, 0x000000070c500000|  0%| F|  |TAMS 0x000000070c400000, 0x000000070c400000| Untracked 
| 175|0x000000070c500000, 0x000000070c500000, 0x000000070c600000|  0%| F|  |TAMS 0x000000070c500000, 0x000000070c500000| Untracked 
| 176|0x000000070c600000, 0x000000070c600000, 0x000000070c700000|  0%| F|  |TAMS 0x000000070c600000, 0x000000070c600000| Untracked 
| 177|0x000000070c700000, 0x000000070c700000, 0x000000070c800000|  0%| F|  |TAMS 0x000000070c700000, 0x000000070c700000| Untracked 
| 178|0x000000070c800000, 0x000000070c800000, 0x000000070c900000|  0%| F|  |TAMS 0x000000070c800000, 0x000000070c800000| Untracked 
| 179|0x000000070c900000, 0x000000070c900000, 0x000000070ca00000|  0%| F|  |TAMS 0x000000070c900000, 0x000000070c900000| Untracked 
| 180|0x000000070ca00000, 0x000000070ca00000, 0x000000070cb00000|  0%| F|  |TAMS 0x000000070ca00000, 0x000000070ca00000| Untracked 
| 181|0x000000070cb00000, 0x000000070cb00000, 0x000000070cc00000|  0%| F|  |TAMS 0x000000070cb00000, 0x000000070cb00000| Untracked 
| 182|0x000000070cc00000, 0x000000070cc00000, 0x000000070cd00000|  0%| F|  |TAMS 0x000000070cc00000, 0x000000070cc00000| Untracked 
| 183|0x000000070cd00000, 0x000000070cd00000, 0x000000070ce00000|  0%| F|  |TAMS 0x000000070cd00000, 0x000000070cd00000| Untracked 
| 184|0x000000070ce00000, 0x000000070ce00000, 0x000000070cf00000|  0%| F|  |TAMS 0x000000070ce00000, 0x000000070ce00000| Untracked 
| 185|0x000000070cf00000, 0x000000070cf00000, 0x000000070d000000|  0%| F|  |TAMS 0x000000070cf00000, 0x000000070cf00000| Untracked 
| 186|0x000000070d000000, 0x000000070d000000, 0x000000070d100000|  0%| F|  |TAMS 0x000000070d000000, 0x000000070d000000| Untracked 
| 187|0x000000070d100000, 0x000000070d100000, 0x000000070d200000|  0%| F|  |TAMS 0x000000070d100000, 0x000000070d100000| Untracked 
| 188|0x000000070d200000, 0x000000070d200000, 0x000000070d300000|  0%| F|  |TAMS 0x000000070d200000, 0x000000070d200000| Untracked 
| 189|0x000000070d300000, 0x000000070d300000, 0x000000070d400000|  0%| F|  |TAMS 0x000000070d300000, 0x000000070d300000| Untracked 
| 190|0x000000070d400000, 0x000000070d400000, 0x000000070d500000|  0%| F|  |TAMS 0x000000070d400000, 0x000000070d400000| Untracked 
| 191|0x000000070d500000, 0x000000070d500000, 0x000000070d600000|  0%| F|  |TAMS 0x000000070d500000, 0x000000070d500000| Untracked 
| 192|0x000000070d600000, 0x000000070d600000, 0x000000070d700000|  0%| F|  |TAMS 0x000000070d600000, 0x000000070d600000| Untracked 
| 193|0x000000070d700000, 0x000000070d700000, 0x000000070d800000|  0%| F|  |TAMS 0x000000070d700000, 0x000000070d700000| Untracked 
| 194|0x000000070d800000, 0x000000070d800000, 0x000000070d900000|  0%| F|  |TAMS 0x000000070d800000, 0x000000070d800000| Untracked 
| 195|0x000000070d900000, 0x000000070d900000, 0x000000070da00000|  0%| F|  |TAMS 0x000000070d900000, 0x000000070d900000| Untracked 
| 196|0x000000070da00000, 0x000000070da00000, 0x000000070db00000|  0%| F|  |TAMS 0x000000070da00000, 0x000000070da00000| Untracked 
| 197|0x000000070db00000, 0x000000070db00000, 0x000000070dc00000|  0%| F|  |TAMS 0x000000070db00000, 0x000000070db00000| Untracked 
| 198|0x000000070dc00000, 0x000000070dc00000, 0x000000070dd00000|  0%| F|  |TAMS 0x000000070dc00000, 0x000000070dc00000| Untracked 
| 199|0x000000070dd00000, 0x000000070dd00000, 0x000000070de00000|  0%| F|  |TAMS 0x000000070dd00000, 0x000000070dd00000| Untracked 
| 200|0x000000070de00000, 0x000000070de00000, 0x000000070df00000|  0%| F|  |TAMS 0x000000070de00000, 0x000000070de00000| Untracked 
| 201|0x000000070df00000, 0x000000070df00000, 0x000000070e000000|  0%| F|  |TAMS 0x000000070df00000, 0x000000070df00000| Untracked 
| 202|0x000000070e000000, 0x000000070e000000, 0x000000070e100000|  0%| F|  |TAMS 0x000000070e000000, 0x000000070e000000| Untracked 
| 203|0x000000070e100000, 0x000000070e100000, 0x000000070e200000|  0%| F|  |TAMS 0x000000070e100000, 0x000000070e100000| Untracked 
| 204|0x000000070e200000, 0x000000070e200000, 0x000000070e300000|  0%| F|  |TAMS 0x000000070e200000, 0x000000070e200000| Untracked 
| 205|0x000000070e300000, 0x000000070e300000, 0x000000070e400000|  0%| F|  |TAMS 0x000000070e300000, 0x000000070e300000| Untracked 
| 206|0x000000070e400000, 0x000000070e400000, 0x000000070e500000|  0%| F|  |TAMS 0x000000070e400000, 0x000000070e400000| Untracked 
| 207|0x000000070e500000, 0x000000070e500000, 0x000000070e600000|  0%| F|  |TAMS 0x000000070e500000, 0x000000070e500000| Untracked 
| 208|0x000000070e600000, 0x000000070e600000, 0x000000070e700000|  0%| F|  |TAMS 0x000000070e600000, 0x000000070e600000| Untracked 
| 209|0x000000070e700000, 0x000000070e700000, 0x000000070e800000|  0%| F|  |TAMS 0x000000070e700000, 0x000000070e700000| Untracked 
| 210|0x000000070e800000, 0x000000070e800000, 0x000000070e900000|  0%| F|  |TAMS 0x000000070e800000, 0x000000070e800000| Untracked 
| 211|0x000000070e900000, 0x000000070e900000, 0x000000070ea00000|  0%| F|  |TAMS 0x000000070e900000, 0x000000070e900000| Untracked 
| 212|0x000000070ea00000, 0x000000070ea00000, 0x000000070eb00000|  0%| F|  |TAMS 0x000000070ea00000, 0x000000070ea00000| Untracked 
| 213|0x000000070eb00000, 0x000000070eb00000, 0x000000070ec00000|  0%| F|  |TAMS 0x000000070eb00000, 0x000000070eb00000| Untracked 
| 214|0x000000070ec00000, 0x000000070ec00000, 0x000000070ed00000|  0%| F|  |TAMS 0x000000070ec00000, 0x000000070ec00000| Untracked 
| 215|0x000000070ed00000, 0x000000070ed00000, 0x000000070ee00000|  0%| F|  |TAMS 0x000000070ed00000, 0x000000070ed00000| Untracked 
| 216|0x000000070ee00000, 0x000000070ee00000, 0x000000070ef00000|  0%| F|  |TAMS 0x000000070ee00000, 0x000000070ee00000| Untracked 
| 217|0x000000070ef00000, 0x000000070ef00000, 0x000000070f000000|  0%| F|  |TAMS 0x000000070ef00000, 0x000000070ef00000| Untracked 
| 218|0x000000070f000000, 0x000000070f000000, 0x000000070f100000|  0%| F|  |TAMS 0x000000070f000000, 0x000000070f000000| Untracked 
| 219|0x000000070f100000, 0x000000070f100000, 0x000000070f200000|  0%| F|  |TAMS 0x000000070f100000, 0x000000070f100000| Untracked 
| 220|0x000000070f200000, 0x000000070f200000, 0x000000070f300000|  0%| F|  |TAMS 0x000000070f200000, 0x000000070f200000| Untracked 
| 221|0x000000070f300000, 0x000000070f300000, 0x000000070f400000|  0%| F|  |TAMS 0x000000070f300000, 0x000000070f300000| Untracked 
| 222|0x000000070f400000, 0x000000070f400000, 0x000000070f500000|  0%| F|  |TAMS 0x000000070f400000, 0x000000070f400000| Untracked 
| 223|0x000000070f500000, 0x000000070f500000, 0x000000070f600000|  0%| F|  |TAMS 0x000000070f500000, 0x000000070f500000| Untracked 
| 224|0x000000070f600000, 0x000000070f600000, 0x000000070f700000|  0%| F|  |TAMS 0x000000070f600000, 0x000000070f600000| Untracked 
| 225|0x000000070f700000, 0x000000070f700000, 0x000000070f800000|  0%| F|  |TAMS 0x000000070f700000, 0x000000070f700000| Untracked 
| 226|0x000000070f800000, 0x000000070f800000, 0x000000070f900000|  0%| F|  |TAMS 0x000000070f800000, 0x000000070f800000| Untracked 
| 227|0x000000070f900000, 0x000000070f900000, 0x000000070fa00000|  0%| F|  |TAMS 0x000000070f900000, 0x000000070f900000| Untracked 
| 228|0x000000070fa00000, 0x000000070fb00000, 0x000000070fb00000|100%| E|  |TAMS 0x000000070fa00000, 0x000000070fa00000| Complete 
| 229|0x000000070fb00000, 0x000000070fc00000, 0x000000070fc00000|100%| E|CS|TAMS 0x000000070fb00000, 0x000000070fb00000| Complete 
| 230|0x000000070fc00000, 0x000000070fd00000, 0x000000070fd00000|100%| E|CS|TAMS 0x000000070fc00000, 0x000000070fc00000| Complete 
| 231|0x000000070fd00000, 0x000000070fe00000, 0x000000070fe00000|100%| S|CS|TAMS 0x000000070fd00000, 0x000000070fd00000| Complete 
| 232|0x000000070fe00000, 0x000000070ff00000, 0x000000070ff00000|100%| S|CS|TAMS 0x000000070fe00000, 0x000000070fe00000| Complete 
| 233|0x000000070ff00000, 0x0000000710000000, 0x0000000710000000|100%| S|CS|TAMS 0x000000070ff00000, 0x000000070ff00000| Complete 
| 234|0x0000000710000000, 0x0000000710100000, 0x0000000710100000|100%| E|CS|TAMS 0x0000000710000000, 0x0000000710000000| Complete 
| 235|0x0000000710100000, 0x0000000710200000, 0x0000000710200000|100%| E|CS|TAMS 0x0000000710100000, 0x0000000710100000| Complete 
| 236|0x0000000710200000, 0x0000000710300000, 0x0000000710300000|100%| E|CS|TAMS 0x0000000710200000, 0x0000000710200000| Complete 
| 237|0x0000000710300000, 0x0000000710400000, 0x0000000710400000|100%| E|CS|TAMS 0x0000000710300000, 0x0000000710300000| Complete 
| 238|0x0000000710400000, 0x0000000710500000, 0x0000000710500000|100%| E|CS|TAMS 0x0000000710400000, 0x0000000710400000| Complete 
| 239|0x0000000710500000, 0x0000000710600000, 0x0000000710600000|100%| E|CS|TAMS 0x0000000710500000, 0x0000000710500000| Complete 
| 240|0x0000000710600000, 0x0000000710700000, 0x0000000710700000|100%| E|CS|TAMS 0x0000000710600000, 0x0000000710600000| Complete 
| 241|0x0000000710700000, 0x0000000710800000, 0x0000000710800000|100%| E|CS|TAMS 0x0000000710700000, 0x0000000710700000| Complete 
| 242|0x0000000710800000, 0x0000000710900000, 0x0000000710900000|100%| E|CS|TAMS 0x0000000710800000, 0x0000000710800000| Complete 
| 243|0x0000000710900000, 0x0000000710a00000, 0x0000000710a00000|100%| E|CS|TAMS 0x0000000710900000, 0x0000000710900000| Complete 
| 244|0x0000000710a00000, 0x0000000710b00000, 0x0000000710b00000|100%| E|CS|TAMS 0x0000000710a00000, 0x0000000710a00000| Complete 
| 245|0x0000000710b00000, 0x0000000710c00000, 0x0000000710c00000|100%| E|CS|TAMS 0x0000000710b00000, 0x0000000710b00000| Complete 
| 246|0x0000000710c00000, 0x0000000710d00000, 0x0000000710d00000|100%| E|CS|TAMS 0x0000000710c00000, 0x0000000710c00000| Complete 
| 247|0x0000000710d00000, 0x0000000710e00000, 0x0000000710e00000|100%| E|CS|TAMS 0x0000000710d00000, 0x0000000710d00000| Complete 
| 248|0x0000000710e00000, 0x0000000710f00000, 0x0000000710f00000|100%| E|CS|TAMS 0x0000000710e00000, 0x0000000710e00000| Complete 
| 249|0x0000000710f00000, 0x0000000711000000, 0x0000000711000000|100%| E|CS|TAMS 0x0000000710f00000, 0x0000000710f00000| Complete 
| 250|0x0000000711000000, 0x0000000711100000, 0x0000000711100000|100%| E|CS|TAMS 0x0000000711000000, 0x0000000711000000| Complete 
| 251|0x0000000711100000, 0x0000000711200000, 0x0000000711200000|100%| E|CS|TAMS 0x0000000711100000, 0x0000000711100000| Complete 
| 252|0x0000000711200000, 0x0000000711300000, 0x0000000711300000|100%| E|CS|TAMS 0x0000000711200000, 0x0000000711200000| Complete 
| 253|0x0000000711300000, 0x0000000711400000, 0x0000000711400000|100%| E|CS|TAMS 0x0000000711300000, 0x0000000711300000| Complete 
| 254|0x0000000711400000, 0x0000000711500000, 0x0000000711500000|100%| E|CS|TAMS 0x0000000711400000, 0x0000000711400000| Complete 
| 255|0x0000000711500000, 0x0000000711600000, 0x0000000711600000|100%| E|CS|TAMS 0x0000000711500000, 0x0000000711500000| Complete 

Card table byte_map: [0x000001872f380000,0x000001872fb80000] _byte_map_base: 0x000001872bb75000

Marking Bits (Prev, Next): (CMBitMap*) 0x00000187181c52a0, (CMBitMap*) 0x00000187181c5268
 Prev Bits: [0x0000018734330000, 0x00000187382d8000)
 Next Bits: [0x0000018730380000, 0x0000018734328000)

Polling page: 0x0000018716130000

Metaspace:

Usage:
  Non-class:     26.32 MB capacity,    25.90 MB ( 98%) used,   337.99 KB (  1%) free+waste,    86.31 KB ( <1%) overhead. 
      Class:      3.72 MB capacity,     3.40 MB ( 91%) used,   284.87 KB (  7%) free+waste,    45.00 KB (  1%) overhead. 
       Both:     30.04 MB capacity,    29.30 MB ( 98%) used,   622.86 KB (  2%) free+waste,   131.31 KB ( <1%) overhead. 

Virtual space:
  Non-class space:       28.00 MB reserved,      26.50 MB ( 95%) committed 
      Class space:        1.00 GB reserved,       3.75 MB ( <1%) committed 
             Both:        1.03 GB reserved,      30.25 MB (  3%) committed 

Chunk freelists:
   Non-Class:  7.62 KB
       Class:  3.88 KB
        Both:  11.50 KB

CodeHeap 'non-profiled nmethods': size=120000Kb used=688Kb max_used=688Kb free=119311Kb
 bounds [0x0000018727320000, 0x0000018727590000, 0x000001872e850000]
CodeHeap 'profiled nmethods': size=120000Kb used=3494Kb max_used=3494Kb free=116506Kb
 bounds [0x000001871fdf0000, 0x0000018720160000, 0x0000018727320000]
CodeHeap 'non-nmethods': size=5760Kb used=1277Kb max_used=1277Kb free=4482Kb
 bounds [0x000001871f850000, 0x000001871fac0000, 0x000001871fdf0000]
 total_blobs=2609 nmethods=1937 adapters=583
 compilation: enabled
              stopped_count=0, restarted_count=0
 full_count=0

Compilation events (10 events):
Event: 1.174 Thread 0x000001873ae68000 nmethod 1899 0x0000018720147290 code [0x0000018720147440, 0x00000187201476a8]
Event: 1.174 Thread 0x000001873ae68000 1900       3       java.lang.reflect.AccessibleObject::checkCanSetAccessible (9 bytes)
Event: 1.174 Thread 0x000001873ae68000 nmethod 1900 0x0000018720147790 code [0x0000018720147940, 0x0000018720147a68]
Event: 1.174 Thread 0x000001873b9fd000 nmethod 1895 0x00000187273c7810 code [0x00000187273c79a0, 0x00000187273c7aa8]
Event: 1.174 Thread 0x000001873b9fd000 1897       4       jdk.internal.reflect.ClassFileAssembler::emitByte (11 bytes)
Event: 1.174 Thread 0x000001873ae68000 1901       3       java.io.Bits::getInt (43 bytes)
Event: 1.174 Thread 0x000001873ae68000 nmethod 1901 0x0000018720147b10 code [0x0000018720147ca0, 0x0000018720147e38]
Event: 1.174 Thread 0x000001873ae68000 1902       3       java.lang.Integer::equals (29 bytes)
Event: 1.175 Thread 0x000001873ae68000 nmethod 1902 0x0000018720147f90 code [0x0000018720148140, 0x0000018720148518]
Event: 1.175 Thread 0x000001873ae68000 1903       3       oracle.sql.converter.CharacterConverterJDBC::storeMappingRange (414 bytes)

GC Heap History (2 events):
Event: 0.658 GC heap before
{Heap before GC invocations=0 (full 0):
 garbage-first heap   total 262144K, used 20480K [0x0000000701600000, 0x0000000800000000)
  region size 1024K, 22 young (22528K), 0 survivors (0K)
 Metaspace       used 20663K, capacity 21180K, committed 21248K, reserved 1069056K
  class space    used 2307K, capacity 2543K, committed 2560K, reserved 1048576K
}
Event: 0.662 GC heap after
{Heap after GC invocations=1 (full 0):
 garbage-first heap   total 262144K, used 3680K [0x0000000701600000, 0x0000000800000000)
  region size 1024K, 3 young (3072K), 3 survivors (3072K)
 Metaspace       used 20663K, capacity 21180K, committed 21248K, reserved 1069056K
  class space    used 2307K, capacity 2543K, committed 2560K, reserved 1048576K
}

Deoptimization events (10 events):
Event: 0.956 Thread 0x0000018718163000 Uncommon trap: reason=bimorphic_or_optimized_type_check action=maybe_recompile pc=0x0000018727396678 method=java.util.HashMap.putVal(ILjava/lang/Object;Ljava/lang/Object;ZZ)Ljava/lang/Object; @ 203 c2
Event: 0.957 Thread 0x0000018718163000 Uncommon trap: reason=bimorphic_or_optimized_type_check action=maybe_recompile pc=0x0000018727396678 method=java.util.HashMap.putVal(ILjava/lang/Object;Ljava/lang/Object;ZZ)Ljava/lang/Object; @ 203 c2
Event: 1.057 Thread 0x0000018718163000 Uncommon trap: reason=class_check action=maybe_recompile pc=0x00000187273bf0a8 method=sun.security.provider.DigestBase.engineUpdate([BII)V @ 128 c2
Event: 1.057 Thread 0x0000018718163000 Uncommon trap: reason=class_check action=maybe_recompile pc=0x00000187273bf0a8 method=sun.security.provider.DigestBase.engineUpdate([BII)V @ 128 c2
Event: 1.057 Thread 0x0000018718163000 Uncommon trap: reason=class_check action=maybe_recompile pc=0x00000187273bf0a8 method=sun.security.provider.DigestBase.engineUpdate([BII)V @ 128 c2
Event: 1.057 Thread 0x0000018718163000 Uncommon trap: reason=class_check action=maybe_recompile pc=0x00000187273bf0a8 method=sun.security.provider.DigestBase.engineUpdate([BII)V @ 128 c2
Event: 1.076 Thread 0x0000018718163000 Uncommon trap: reason=class_check action=maybe_recompile pc=0x00000187273c05c4 method=java.security.MessageDigest$Delegate.engineUpdate([BII)V @ 7 c2
Event: 1.076 Thread 0x0000018718163000 Uncommon trap: reason=class_check action=maybe_recompile pc=0x00000187273c05c4 method=java.security.MessageDigest$Delegate.engineUpdate([BII)V @ 7 c2
Event: 1.078 Thread 0x0000018718163000 Uncommon trap: reason=class_check action=maybe_recompile pc=0x00000187273c05c4 method=java.security.MessageDigest$Delegate.engineUpdate([BII)V @ 7 c2
Event: 1.078 Thread 0x0000018718163000 Uncommon trap: reason=class_check action=maybe_recompile pc=0x00000187273c05c4 method=java.security.MessageDigest$Delegate.engineUpdate([BII)V @ 7 c2

Classes redefined (0 events):
No events

Internal exceptions (10 events):
Event: 0.866 Thread 0x0000018718163000 Exception <a 'java/lang/NoSuchMethodError'{0x0000000710e90000}: java.lang.invoke.DirectMethodHandle$Holder.invokeStatic(Ljava/lang/Object;Ljava/lang/Object;Ljava/lang/Object;Ljava/lang/Object;Ljava/lang/Object;Ljava/lang/Object;Ljava/lang/Object;Ljava/lan
Event: 0.867 Thread 0x0000018718163000 Exception <a 'java/lang/NoSuchMethodError'{0x0000000710e9c1f0}: java.lang.invoke.DirectMethodHandle$Holder.invokeStatic(Ljava/lang/Object;Ljava/lang/Object;Ljava/lang/Object;Ljava/lang/Object;Ljava/lang/Object;Ljava/lang/Object;Ljava/lang/Object;Ljava/lan
Event: 0.868 Thread 0x0000018718163000 Exception <a 'java/lang/NoSuchMethodError'{0x0000000710ea87c8}: java.lang.invoke.DirectMethodHandle$Holder.invokeStatic(Ljava/lang/Object;Ljava/lang/Object;Ljava/lang/Object;Ljava/lang/Object;Ljava/lang/Object;Ljava/lang/Object;Ljava/lang/Object;Ljava/lan
Event: 0.894 Thread 0x0000018718163000 Exception <a 'java/lang/NoSuchMethodError'{0x0000000710d5bb38}: java.lang.invoke.DirectMethodHandle$Holder.invokeStatic(Ljava/lang/Object;Ljava/lang/Object;Ljava/lang/Object;I)Ljava/lang/Object;> (0x0000000710d5bb38) thrown at [./open/src/hotspot/share/in
Event: 0.894 Thread 0x0000018718163000 Exception <a 'java/lang/NoSuchMethodError'{0x0000000710d5f500}: java.lang.invoke.DirectMethodHandle$Holder.invokeSpecial(Ljava/lang/Object;Ljava/lang/Object;Ljava/lang/Object;Ljava/lang/Object;I)Ljava/lang/Object;> (0x0000000710d5f500) thrown at [./open/s
Event: 0.895 Thread 0x0000018718163000 Exception <a 'java/lang/NoSuchMethodError'{0x0000000710d62560}: java.lang.invoke.Invokers$Holder.linkToTargetMethod(Ljava/lang/Object;Ljava/lang/Object;ILjava/lang/Object;)Ljava/lang/Object;> (0x0000000710d62560) thrown at [./open/src/hotspot/share/interp
Event: 0.929 Thread 0x0000018718163000 Exception <a 'java/lang/NoSuchMethodError'{0x0000000710d76df0}: java.lang.invoke.DirectMethodHandle$Holder.invokeSpecialIFC(Ljava/lang/Object;Ljava/lang/Object;Ljava/lang/Object;)I> (0x0000000710d76df0) thrown at [./open/src/hotspot/share/interpreter/link
Event: 0.937 Thread 0x0000018718163000 Exception <a 'java/lang/NoSuchMethodError'{0x0000000710db9550}: java.lang.invoke.DirectMethodHandle$Holder.invokeVirtual(Ljava/lang/Object;Ljava/lang/Object;I)Ljava/lang/Object;> (0x0000000710db9550) thrown at [./open/src/hotspot/share/interpreter/linkRes
Event: 0.964 Thread 0x0000018718163000 Exception <a 'sun/nio/fs/WindowsException'{0x0000000710b11b60}> (0x0000000710b11b60) thrown at [./open/src/hotspot/share/prims/jni.cpp, line 611]
Event: 1.017 Thread 0x0000018718163000 Exception <a 'java/lang/NoSuchMethodError'{0x000000071088d8b8}: java.lang.invoke.DirectMethodHandle$Holder.invokeStatic(Ljava/lang/Object;Ljava/lang/Object;Ljava/lang/Object;Ljava/lang/Object;Ljava/lang/Object;Ljava/lang/Object;Ljava/lang/Object;Ljava/lan

Events (10 events):
Event: 1.172 loading class java/io/ObjectStreamClass$FieldReflectorKey
Event: 1.172 loading class java/io/ObjectStreamClass$FieldReflectorKey done
Event: 1.172 loading class java/io/ObjectStreamClass$FieldReflector
Event: 1.173 loading class java/io/ObjectStreamClass$FieldReflector done
Event: 1.174 loading class java/io/ObjectStreamClass$ClassDataSlot
Event: 1.174 loading class java/io/ObjectStreamClass$ClassDataSlot done
Event: 1.174 loading class java/io/ObjectInputStream$FieldValues
Event: 1.174 loading class java/io/ObjectInputStream$FieldValues done
Event: 1.174 loading class java/io/ObjectStreamClass$ExceptionInfo
Event: 1.174 loading class java/io/ObjectStreamClass$ExceptionInfo done


Dynamic libraries:
0x00007ff7f1450000 - 0x00007ff7f1460000 	C:\Program Files\Java\jdk-11\bin\javaw.exe
0x00007ffaff870000 - 0x00007ffaffa68000 	C:\WINDOWS\SYSTEM32\ntdll.dll
0x00007ffafdb20000 - 0x00007ffafdbdd000 	C:\WINDOWS\System32\KERNEL32.DLL
0x00007ffafd260000 - 0x00007ffafd556000 	C:\WINDOWS\System32\KERNELBASE.dll
0x00007ffafd7c0000 - 0x00007ffafd8c0000 	C:\WINDOWS\System32\ucrtbase.dll
0x00007ffad9750000 - 0x00007ffad9769000 	C:\Program Files\Java\jdk-11\bin\jli.dll
0x00007ffad82a0000 - 0x00007ffad82bb000 	C:\Program Files\Java\jdk-11\bin\VCRUNTIME140.dll
0x00007ffaff4f0000 - 0x00007ffaff5a3000 	C:\WINDOWS\System32\ADVAPI32.dll
0x00007ffafdbe0000 - 0x00007ffafdc7e000 	C:\WINDOWS\System32\msvcrt.dll
0x00007ffafe5a0000 - 0x00007ffafe63f000 	C:\WINDOWS\System32\sechost.dll
0x00007ffafd940000 - 0x00007ffafda66000 	C:\WINDOWS\System32\RPCRT4.dll
0x00007ffafd230000 - 0x00007ffafd257000 	C:\WINDOWS\System32\bcrypt.dll
0x00007ffafe670000 - 0x00007ffafe80e000 	C:\WINDOWS\System32\USER32.dll
0x00007ffafd5b0000 - 0x00007ffafd5d2000 	C:\WINDOWS\System32\win32u.dll
0x00007ffadedb0000 - 0x00007ffadf04a000 	C:\WINDOWS\WinSxS\amd64_microsoft.windows.common-controls_6595b64144ccf1df_6.0.19041.3636_none_60b6a03d71f818d5\COMCTL32.dll
0x00007ffafe950000 - 0x00007ffafe97c000 	C:\WINDOWS\System32\GDI32.dll
0x00007ffafcf40000 - 0x00007ffafd05a000 	C:\WINDOWS\System32\gdi32full.dll
0x00007ffafd670000 - 0x00007ffafd70d000 	C:\WINDOWS\System32\msvcp_win.dll
0x00007ffaf7b40000 - 0x00007ffaf7b4a000 	C:\WINDOWS\SYSTEM32\VERSION.dll
0x00007ffafe640000 - 0x00007ffafe670000 	C:\WINDOWS\System32\IMM32.DLL
0x00007ffafa710000 - 0x00007ffafa71c000 	C:\Program Files\Java\jdk-11\bin\vcruntime140_1.dll
0x00007ffad2160000 - 0x00007ffad21ee000 	C:\Program Files\Java\jdk-11\bin\msvcp140.dll
0x00007ffa73670000 - 0x00007ffa741dd000 	C:\Program Files\Java\jdk-11\bin\server\jvm.dll
0x00007ffafe980000 - 0x00007ffafe988000 	C:\WINDOWS\System32\PSAPI.DLL
0x00007ffadff50000 - 0x00007ffadff77000 	C:\WINDOWS\SYSTEM32\WINMM.dll
0x00007ffae6d70000 - 0x00007ffae6d79000 	C:\WINDOWS\SYSTEM32\WSOCK32.dll
0x00007ffaff5b0000 - 0x00007ffaff61b000 	C:\WINDOWS\System32\WS2_32.dll
0x00007ffafae10000 - 0x00007ffafae22000 	C:\WINDOWS\SYSTEM32\kernel.appcore.dll
0x00007ffaf8bf0000 - 0x00007ffaf8c00000 	C:\Program Files\Java\jdk-11\bin\verify.dll
0x00007ffae06c0000 - 0x00007ffae08a4000 	C:\WINDOWS\SYSTEM32\DBGHELP.DLL
0x00007ffae0f00000 - 0x00007ffae0f34000 	C:\WINDOWS\SYSTEM32\dbgcore.DLL
0x00007ffafd5e0000 - 0x00007ffafd662000 	C:\WINDOWS\System32\bcryptPrimitives.dll
0x00007ffad7ba0000 - 0x00007ffad7bc8000 	C:\Program Files\Java\jdk-11\bin\java.dll
0x00007ffadfec0000 - 0x00007ffadfeca000 	C:\Program Files\Java\jdk-11\bin\jimage.dll
0x00007ffad7ab0000 - 0x00007ffad7ac7000 	C:\Program Files\Java\jdk-11\bin\zip.dll
0x00007ffafec70000 - 0x00007ffaff3b5000 	C:\WINDOWS\System32\SHELL32.dll
0x00007ffafb010000 - 0x00007ffafb7ab000 	C:\WINDOWS\SYSTEM32\windows.storage.dll
0x00007ffafddd0000 - 0x00007ffafe124000 	C:\WINDOWS\System32\combase.dll
0x00007ffafc8a0000 - 0x00007ffafc8cd000 	C:\WINDOWS\SYSTEM32\Wldp.dll
0x00007ffaff620000 - 0x00007ffaff6cd000 	C:\WINDOWS\System32\SHCORE.dll
0x00007ffaff7d0000 - 0x00007ffaff825000 	C:\WINDOWS\System32\shlwapi.dll
0x00007ffafce70000 - 0x00007ffafce95000 	C:\WINDOWS\SYSTEM32\profapi.dll
0x00007ffad7570000 - 0x00007ffad7589000 	C:\Program Files\Java\jdk-11\bin\net.dll
0x00007ffaf6780000 - 0x00007ffaf688a000 	C:\WINDOWS\SYSTEM32\WINHTTP.dll
0x00007ffafc600000 - 0x00007ffafc66a000 	C:\WINDOWS\system32\mswsock.dll
0x00007ffad7550000 - 0x00007ffad7562000 	C:\Program Files\Java\jdk-11\bin\nio.dll
0x00007ffab6320000 - 0x00007ffab64a2000 	C:\Program Files\Java\jdk-11\bin\awt.dll
0x00007ffafeba0000 - 0x00007ffafec6d000 	C:\WINDOWS\System32\OLEAUT32.dll
0x00007ffafa760000 - 0x00007ffafa7f0000 	C:\WINDOWS\SYSTEM32\apphelp.dll
0x00007ffafaa40000 - 0x00007ffafaa6f000 	C:\WINDOWS\system32\DWMAPI.DLL
0x00007ffafa940000 - 0x00007ffafa9de000 	C:\WINDOWS\system32\uxtheme.dll
0x00007ffade8b0000 - 0x00007ffade9d5000 	C:\WINDOWS\system32\opengl32.dll
0x00007ffade880000 - 0x00007ffade8ac000 	C:\WINDOWS\SYSTEM32\GLU32.dll
0x00007ffafe830000 - 0x00007ffafe944000 	C:\WINDOWS\System32\MSCTF.dll
0x00007ffaff3c0000 - 0x00007ffaff4eb000 	C:\WINDOWS\System32\ole32.dll
0x00007ffaee4e0000 - 0x00007ffaee4e9000 	C:\Program Files\Java\jdk-11\bin\management.dll
0x00007ffaeaf80000 - 0x00007ffaeaf8b000 	C:\Program Files\Java\jdk-11\bin\management_ext.dll
0x00007ffae16b0000 - 0x00007ffae16c7000 	C:\WINDOWS\system32\napinsp.dll
0x00007ffae1690000 - 0x00007ffae16ab000 	C:\WINDOWS\system32\pnrpnsp.dll
0x00007ffae1630000 - 0x00007ffae1645000 	C:\WINDOWS\system32\wshbth.dll
0x00007ffaf88f0000 - 0x00007ffaf890d000 	C:\WINDOWS\system32\NLAapi.dll
0x00007ffafc2f0000 - 0x00007ffafc32b000 	C:\WINDOWS\SYSTEM32\IPHLPAPI.DLL
0x00007ffafc330000 - 0x00007ffafc3fa000 	C:\WINDOWS\SYSTEM32\DNSAPI.dll
0x00007ffafe810000 - 0x00007ffafe818000 	C:\WINDOWS\System32\NSI.dll
0x00007ffae1610000 - 0x00007ffae1622000 	C:\WINDOWS\System32\winrnr.dll
0x00007ffaf62e0000 - 0x00007ffaf62ea000 	C:\Windows\System32\rasadhlp.dll
0x00007ffaf3570000 - 0x00007ffaf35f0000 	C:\WINDOWS\System32\fwpuclnt.dll
0x00007ffafc800000 - 0x00007ffafc818000 	C:\WINDOWS\SYSTEM32\CRYPTSP.dll
0x00007ffafbf30000 - 0x00007ffafbf64000 	C:\WINDOWS\system32\rsaenh.dll
0x00007ffafcdf0000 - 0x00007ffafce1e000 	C:\WINDOWS\SYSTEM32\USERENV.dll
0x00007ffafc7f0000 - 0x00007ffafc7fc000 	C:\WINDOWS\SYSTEM32\CRYPTBASE.dll
0x00007ffaf7390000 - 0x00007ffaf73a7000 	C:\WINDOWS\SYSTEM32\dhcpcsvc6.DLL
0x00007ffaf7370000 - 0x00007ffaf738d000 	C:\WINDOWS\SYSTEM32\dhcpcsvc.DLL
0x00007ffad9e00000 - 0x00007ffad9e27000 	C:\Program Files\Java\jdk-11\bin\sunec.dll

dbghelp: loaded successfully - version: 4.0.5 - missing functions: none
symbol engine: initialized successfully - sym options: 0x614 - pdb path: .;C:\Program Files\Java\jdk-11\bin;C:\WINDOWS\SYSTEM32;C:\WINDOWS\WinSxS\amd64_microsoft.windows.common-controls_6595b64144ccf1df_6.0.19041.3636_none_60b6a03d71f818d5;C:\Program Files\Java\jdk-11\bin\server

VM Arguments:
jvm_args: -Dfile.encoding=UTF-8 -Dstdout.encoding=UTF-8 -Dstderr.encoding=UTF-8 --module-path=C:\sist0103\util\ojdbc11.jar 
java_command: day0130.SwingJdbcScore
java_class_path (initial): C:\sist0103\work\JavaProject\JdbcProject\bin
Launcher Type: SUN_STANDARD

[Global flags]
     intx CICompilerCount                          = 4                                         {product} {ergonomic}
     uint ConcGCThreads                            = 2                                         {product} {ergonomic}
     uint G1ConcRefinementThreads                  = 8                                         {product} {ergonomic}
   size_t G1HeapRegionSize                         = 1048576                                   {product} {ergonomic}
    uintx GCDrainStackTargetSize                   = 64                                        {product} {ergonomic}
   size_t InitialHeapSize                          = 268435456                                 {product} {ergonomic}
   size_t MarkStackSize                            = 4194304                                   {product} {ergonomic}
   size_t MaxHeapSize                              = 4271898624                                {product} {ergonomic}
   size_t MaxNewSize                               = 2562719744                                {product} {ergonomic}
   size_t MinHeapDeltaBytes                        = 1048576                                   {product} {ergonomic}
    uintx NonNMethodCodeHeapSize                   = 5836300                                {pd product} {ergonomic}
    uintx NonProfiledCodeHeapSize                  = 122910970                              {pd product} {ergonomic}
    uintx ProfiledCodeHeapSize                     = 122910970                              {pd product} {ergonomic}
    uintx ReservedCodeCacheSize                    = 251658240                              {pd product} {ergonomic}
     bool SegmentedCodeCache                       = true                                      {product} {ergonomic}
     bool UseCompressedClassPointers               = true                                 {lp64_product} {ergonomic}
     bool UseCompressedOops                        = true                                 {lp64_product} {ergonomic}
     bool UseG1GC                                  = true                                      {product} {ergonomic}
     bool UseLargePagesIndividualAllocation        = false                                  {pd product} {ergonomic}

Logging:
Log output configuration:
 #0: stdout all=warning uptime,level,tags
 #1: stderr all=off uptime,level,tags

Environment Variables:
JAVA_HOME=C:\Program Files\Java\jdk-11
PATH=C:/Users/user/.p2/pool/plugins/org.eclipse.justj.openjdk.hotspot.jre.full.win32.x86_64_17.0.9.v20231028-0858/jre/bin/server;C:/Users/user/.p2/pool/plugins/org.eclipse.justj.openjdk.hotspot.jre.full.win32.x86_64_17.0.9.v20231028-0858/jre/bin;C:\app\user\product\21c\dbhomeXE\bin;C:\Program Files\Common Files\Oracle\Java\javapath;C:\Program Files (x86)\Intel\Intel(R) Management Engine Components\iCLS\;C:\Program Files\Intel\Intel(R) Management Engine Components\iCLS\;C:\WINDOWS\system32;C:\WINDOWS;C:\WINDOWS\System32\Wbem;C:\WINDOWS\System32\WindowsPowerShell\v1.0\;C:\WINDOWS\System32\OpenSSH\;C:\Program Files (x86)\Intel\Intel(R) Management Engine Components\DAL;C:\Program Files\Intel\Intel(R) Management Engine Components\DAL;C:\Program Files (x86)\Intel\Intel(R) Management Engine Components\IPT;C:\Program Files\Intel\Intel(R) Management Engine Components\IPT;C:\Program Files\Java\jdk-11\bin;C:\Program Files\Git\cmd;C:\Users\user\AppData\Local\Microsoft\WindowsApps;;C:\Users\user\Desktop;
USERNAME=user
OS=Windows_NT
PROCESSOR_IDENTIFIER=Intel64 Family 6 Model 94 Stepping 3, GenuineIntel



---------------  S Y S T E M  ---------------

OS: Windows 10 , 64 bit Build 19041 (10.0.19041.3636)

CPU:total 8 (initial active 8) (4 cores per cpu, 2 threads per core) family 6 model 94 stepping 3 microcode 0xcc, cmov, cx8, fxsr, mmx, sse, sse2, sse3, ssse3, sse4.1, sse4.2, popcnt, avx, avx2, aes, clmul, erms, rtm, 3dnowpref, lzcnt, ht, tsc, tscinvbit, bmi1, bmi2, adx, fma

Memory: 4k page, system-wide physical 16295M (7158M free)
TotalPageFile size 65447M (AvailPageFile size 5M)
current process WorkingSet (physical memory assigned to process): 123M, peak: 123M
current process commit charge ("private bytes"): 390M, peak: 390M

vm_info: Java HotSpot(TM) 64-Bit Server VM (11.0.20+9-LTS-256) for windows-amd64 JRE (11.0.20+9-LTS-256), built on Jun 14 2023 10:34:22 by "mach5one" with MS VC++ 17.1 (VS2022)

END.
